[08/Apr/2021:06:14:25] (I): WordPress Instance Info:
[08/Apr/2021:06:14:25] (I): Home URL : http://jerllon.artisansalleyph.com
[08/Apr/2021:06:14:25] (I): Site URL : http://jerllon.artisansalleyph.com
[08/Apr/2021:06:14:25] (I): WordPress Version : 5.7
[08/Apr/2021:06:14:25] (I): Onboarding Version : 1.1.6
[08/Apr/2021:06:14:25] (I): Multisite : No
[08/Apr/2021:06:14:25] (I): Server Info : LiteSpeed
[08/Apr/2021:06:14:25] (I): PHP Version : 7.3.23
[08/Apr/2021:06:14:25] (I): HTTPS : No
[08/Apr/2021:06:14:25] (I): PHP Max Execution Time : 240
[08/Apr/2021:06:14:25] (I): PHP Max Input Vars : 5000
[08/Apr/2021:06:14:25] (I): Max Upload Size : 268435456
[08/Apr/2021:06:14:25] (I): Plugins:
[08/Apr/2021:06:14:25] (I): [PLUGIN] Templates Patterns Collection : v1.1.6 (ThemeIsle)
[08/Apr/2021:06:14:25] (I): [PLUGIN] WPForms Lite : v1.6.6 (WPForms)
[08/Apr/2021:06:14:25] (P): Saving remote XML
[08/Apr/2021:06:14:25] (S): Saved remote XML at path /home/u288708602/domains/artisansalleyph.com/public_html/jerllon/wp-content/uploads/themeisle-demo-import.xml.
[08/Apr/2021:06:14:25] (P): Starting content import...
[08/Apr/2021:06:14:25] (S): Import started.
[08/Apr/2021:06:14:25] (S): Parsing XML file.
[08/Apr/2021:06:14:25] (P): Starting parsing file:/home/u288708602/domains/artisansalleyph.com/public_html/jerllon/wp-content/uploads/themeisle-demo-import.xml
[08/Apr/2021:06:14:25] (P): Using WXR_Parser_SimpleXML...
[08/Apr/2021:06:14:25] (S): Parsed XML
[08/Apr/2021:06:14:25] (P): Processing categories...
[08/Apr/2021:06:14:25] (S): Processed categories.
[08/Apr/2021:06:14:25] (P): Processing tags...
[08/Apr/2021:06:14:25] (S): No tags to process.
[08/Apr/2021:06:14:25] (P): Processing terms...
[08/Apr/2021:06:14:25] (W): Failed to import tcb_symbols_tax Footers
[08/Apr/2021:06:14:25] (E): Invalid taxonomy.
[08/Apr/2021:06:14:25] (W): Failed to import tcb_symbols_tax Headers
[08/Apr/2021:06:14:25] (E): Invalid taxonomy.
[08/Apr/2021:06:14:25] (S): Processed terms.
[08/Apr/2021:06:14:25] (P): Processing posts...
[08/Apr/2021:06:14:25] (P): Processing attachment: https://s33834.pcdn.co/web-agency-gb/wp-content/uploads/sites/422/2020/01/neve-webdesign-GB-01.png...
[08/Apr/2021:06:14:25] (P): Fetching attachment from url: https://s33834.pcdn.co/web-agency-gb/wp-content/uploads/sites/422/2020/01/neve-webdesign-GB-01.png...
[08/Apr/2021:06:14:25] (S): Fetched remote attachment.
[08/Apr/2021:06:14:25] (P): Inserting attachment...
[08/Apr/2021:06:14:25] (S): Attachment inserted
[08/Apr/2021:06:14:25] (S): Processed attachment.
[08/Apr/2021:06:14:25] (P): Processing attachment: https://s33834.pcdn.co/web-agency-gb/wp-content/uploads/sites/422/2020/01/neve-webdesign-GB-03.png...
[08/Apr/2021:06:14:25] (P): Fetching attachment from url: https://s33834.pcdn.co/web-agency-gb/wp-content/uploads/sites/422/2020/01/neve-webdesign-GB-03.png...
[08/Apr/2021:06:14:25] (S): Fetched remote attachment.
[08/Apr/2021:06:14:25] (P): Inserting attachment...
[08/Apr/2021:06:14:25] (S): Attachment inserted
[08/Apr/2021:06:14:25] (S): Processed attachment.
[08/Apr/2021:06:14:25] (P): Processing attachment: https://s33834.pcdn.co/web-agency-gb/wp-content/uploads/sites/422/2020/01/neve-webdesign-GB-04.png...
[08/Apr/2021:06:14:25] (P): Fetching attachment from url: https://s33834.pcdn.co/web-agency-gb/wp-content/uploads/sites/422/2020/01/neve-webdesign-GB-04.png...
[08/Apr/2021:06:14:25] (S): Fetched remote attachment.
[08/Apr/2021:06:14:25] (P): Inserting attachment...
[08/Apr/2021:06:14:25] (S): Attachment inserted
[08/Apr/2021:06:14:25] (S): Processed attachment.
[08/Apr/2021:06:14:25] (P): Processing attachment: https://s33834.pcdn.co/web-agency-gb/wp-content/uploads/sites/422/2020/01/neve-web-design-bg-08.jpg...
[08/Apr/2021:06:14:25] (P): Fetching attachment from url: https://s33834.pcdn.co/web-agency-gb/wp-content/uploads/sites/422/2020/01/neve-web-design-bg-08.jpg...
[08/Apr/2021:06:14:25] (S): Fetched remote attachment.
[08/Apr/2021:06:14:25] (P): Inserting attachment...
[08/Apr/2021:06:14:25] (S): Attachment inserted
[08/Apr/2021:06:14:25] (S): Processed attachment.
[08/Apr/2021:06:14:25] (P): Processing attachment: https://s33834.pcdn.co/web-agency-gb/wp-content/uploads/sites/422/2020/01/neve-web-design-bg-09.jpg...
[08/Apr/2021:06:14:25] (P): Fetching attachment from url: https://s33834.pcdn.co/web-agency-gb/wp-content/uploads/sites/422/2020/01/neve-web-design-bg-09.jpg...
[08/Apr/2021:06:14:25] (S): Fetched remote attachment.
[08/Apr/2021:06:14:25] (P): Inserting attachment...
[08/Apr/2021:06:14:25] (S): Attachment inserted
[08/Apr/2021:06:14:25] (S): Processed attachment.
[08/Apr/2021:06:14:25] (P): Processing attachment: https://s33834.pcdn.co/web-agency-gb/wp-content/uploads/sites/422/2020/01/neve-web-design-bg-10.jpg...
[08/Apr/2021:06:14:25] (P): Fetching attachment from url: https://s33834.pcdn.co/web-agency-gb/wp-content/uploads/sites/422/2020/01/neve-web-design-bg-10.jpg...
[08/Apr/2021:06:14:25] (S): Fetched remote attachment.
[08/Apr/2021:06:14:25] (P): Inserting attachment...
[08/Apr/2021:06:14:25] (S): Attachment inserted
[08/Apr/2021:06:14:25] (S): Processed attachment.
[08/Apr/2021:06:14:25] (P): Processing attachment: https://s33834.pcdn.co/web-agency-gb/wp-content/uploads/sites/422/2020/01/neve-web-design-bg-11.jpg...
[08/Apr/2021:06:14:25] (P): Fetching attachment from url: https://s33834.pcdn.co/web-agency-gb/wp-content/uploads/sites/422/2020/01/neve-web-design-bg-11.jpg...
[08/Apr/2021:06:14:25] (S): Fetched remote attachment.
[08/Apr/2021:06:14:25] (P): Inserting attachment...
[08/Apr/2021:06:14:25] (S): Attachment inserted
[08/Apr/2021:06:14:25] (S): Processed attachment.
[08/Apr/2021:06:14:25] (P): Processing attachment: https://s33834.pcdn.co/web-agency-gb/wp-content/uploads/sites/422/2020/01/neve-web-design-bg-12.jpg...
[08/Apr/2021:06:14:25] (P): Fetching attachment from url: https://s33834.pcdn.co/web-agency-gb/wp-content/uploads/sites/422/2020/01/neve-web-design-bg-12.jpg...
[08/Apr/2021:06:14:25] (S): Fetched remote attachment.
[08/Apr/2021:06:14:25] (P): Inserting attachment...
[08/Apr/2021:06:14:25] (S): Attachment inserted
[08/Apr/2021:06:14:25] (S): Processed attachment.
[08/Apr/2021:06:14:25] (P): Processing attachment: https://s33834.pcdn.co/web-agency-gb/wp-content/uploads/sites/422/2020/01/neve-web-design-bg-13.jpg...
[08/Apr/2021:06:14:25] (P): Fetching attachment from url: https://s33834.pcdn.co/web-agency-gb/wp-content/uploads/sites/422/2020/01/neve-web-design-bg-13.jpg...
[08/Apr/2021:06:14:25] (S): Fetched remote attachment.
[08/Apr/2021:06:14:25] (P): Inserting attachment...
[08/Apr/2021:06:14:25] (S): Attachment inserted
[08/Apr/2021:06:14:25] (S): Processed attachment.
[08/Apr/2021:06:14:25] (P): Processing attachment: https://s33834.pcdn.co/web-agency-gb/wp-content/uploads/sites/422/2020/01/neve-web-design-bg-14.jpg...
[08/Apr/2021:06:14:25] (P): Fetching attachment from url: https://s33834.pcdn.co/web-agency-gb/wp-content/uploads/sites/422/2020/01/neve-web-design-bg-14.jpg...
[08/Apr/2021:06:14:25] (S): Fetched remote attachment.
[08/Apr/2021:06:14:25] (P): Inserting attachment...
[08/Apr/2021:06:14:25] (S): Attachment inserted
[08/Apr/2021:06:14:25] (S): Processed attachment.
[08/Apr/2021:06:14:25] (P): Processing attachment: https://s33834.pcdn.co/web-agency-gb/wp-content/uploads/sites/422/2020/01/neve-web-design-bg-15.jpg...
[08/Apr/2021:06:14:25] (P): Fetching attachment from url: https://s33834.pcdn.co/web-agency-gb/wp-content/uploads/sites/422/2020/01/neve-web-design-bg-15.jpg...
[08/Apr/2021:06:14:25] (S): Fetched remote attachment.
[08/Apr/2021:06:14:25] (P): Inserting attachment...
[08/Apr/2021:06:14:25] (S): Attachment inserted
[08/Apr/2021:06:14:25] (S): Processed attachment.
[08/Apr/2021:06:14:25] (P): Processing attachment: https://s33834.pcdn.co/web-agency-gb/wp-content/uploads/sites/422/2020/06/cropped-web-agency-logo-2.png...
[08/Apr/2021:06:14:25] (P): Fetching attachment from url: https://s33834.pcdn.co/web-agency-gb/wp-content/uploads/sites/422/2020/06/cropped-web-agency-logo-2.png...
[08/Apr/2021:06:14:25] (S): Fetched remote attachment.
[08/Apr/2021:06:14:25] (P): Inserting attachment...
[08/Apr/2021:06:14:25] (S): Attachment inserted
[08/Apr/2021:06:14:25] (S): Processed attachment.
[08/Apr/2021:06:14:25] (P): Processing attachment: https://s33834.pcdn.co/web-agency-gb/wp-content/uploads/sites/422/2020/06/cropped-web-agency-icon.png...
[08/Apr/2021:06:14:25] (P): Fetching attachment from url: https://s33834.pcdn.co/web-agency-gb/wp-content/uploads/sites/422/2020/06/cropped-web-agency-icon.png...
[08/Apr/2021:06:14:25] (S): Fetched remote attachment.
[08/Apr/2021:06:14:25] (P): Inserting attachment...
[08/Apr/2021:06:14:25] (S): Attachment inserted
[08/Apr/2021:06:14:25] (S): Processed attachment.
[08/Apr/2021:06:14:25] (P): Processing attachment: https://s33834.pcdn.co/web-agency-gb/wp-content/uploads/sites/422/2020/07/web-design-studio-01.jpg.jpg...
[08/Apr/2021:06:14:25] (P): Fetching attachment from url: https://s33834.pcdn.co/web-agency-gb/wp-content/uploads/sites/422/2020/07/web-design-studio-01.jpg.jpg...
[08/Apr/2021:06:14:25] (S): Fetched remote attachment.
[08/Apr/2021:06:14:25] (P): Inserting attachment...
[08/Apr/2021:06:14:25] (S): Attachment inserted
[08/Apr/2021:06:14:25] (S): Processed attachment.
[08/Apr/2021:06:14:25] (P): Inserting custom_css: neve .
[08/Apr/2021:06:14:25] (S): Done inserting custom_css: neve .
[08/Apr/2021:06:14:25] (P): Processing attachment: https://s33834.pcdn.co/web-agency-gb/wp-content/uploads/sites/422/2020/12/web-agency-logo-3.png...
[08/Apr/2021:06:14:25] (P): Fetching attachment from url: https://s33834.pcdn.co/web-agency-gb/wp-content/uploads/sites/422/2020/12/web-agency-logo-3.png...
[08/Apr/2021:06:14:25] (S): Fetched remote attachment.
[08/Apr/2021:06:14:25] (P): Inserting attachment...
[08/Apr/2021:06:14:25] (S): Attachment inserted
[08/Apr/2021:06:14:25] (S): Processed attachment.
[08/Apr/2021:06:14:25] (P): Processing attachment: https://s33834.pcdn.co/web-agency-gb/wp-content/uploads/sites/422/2020/12/neve-web-design-studio-02.1.jpg...
[08/Apr/2021:06:14:25] (P): Fetching attachment from url: https://s33834.pcdn.co/web-agency-gb/wp-content/uploads/sites/422/2020/12/neve-web-design-studio-02.1.jpg...
[08/Apr/2021:06:14:25] (S): Fetched remote attachment.
[08/Apr/2021:06:14:25] (P): Inserting attachment...
[08/Apr/2021:06:14:26] (S): Attachment inserted
[08/Apr/2021:06:14:26] (S): Processed attachment.
[08/Apr/2021:06:14:26] (P): Processing attachment: https://s33834.pcdn.co/web-agency-gb/wp-content/uploads/sites/422/2020/12/neve-web-design-studio-03.1.jpg...
[08/Apr/2021:06:14:26] (P): Fetching attachment from url: https://s33834.pcdn.co/web-agency-gb/wp-content/uploads/sites/422/2020/12/neve-web-design-studio-03.1.jpg...
[08/Apr/2021:06:14:26] (S): Fetched remote attachment.
[08/Apr/2021:06:14:26] (P): Inserting attachment...
[08/Apr/2021:06:14:26] (S): Attachment inserted
[08/Apr/2021:06:14:26] (S): Processed attachment.
[08/Apr/2021:06:14:26] (P): Processing attachment: https://s33834.pcdn.co/web-agency-gb/wp-content/uploads/sites/422/2020/12/neve-web-design-studio-04.1.jpg...
[08/Apr/2021:06:14:26] (P): Fetching attachment from url: https://s33834.pcdn.co/web-agency-gb/wp-content/uploads/sites/422/2020/12/neve-web-design-studio-04.1.jpg...
[08/Apr/2021:06:14:26] (S): Fetched remote attachment.
[08/Apr/2021:06:14:26] (P): Inserting attachment...
[08/Apr/2021:06:14:26] (S): Attachment inserted
[08/Apr/2021:06:14:26] (S): Processed attachment.
[08/Apr/2021:06:14:26] (P): Processing attachment: https://s33834.pcdn.co/web-agency-gb/wp-content/uploads/sites/422/2020/12/neve-web-design-studio-07.1.png...
[08/Apr/2021:06:14:26] (P): Fetching attachment from url: https://s33834.pcdn.co/web-agency-gb/wp-content/uploads/sites/422/2020/12/neve-web-design-studio-07.1.png...
[08/Apr/2021:06:14:26] (S): Fetched remote attachment.
[08/Apr/2021:06:14:26] (P): Inserting attachment...
[08/Apr/2021:06:14:26] (S): Attachment inserted
[08/Apr/2021:06:14:26] (S): Processed attachment.
[08/Apr/2021:06:14:26] (P): Inserting post: 5 UX Principles for Creating a Great Website .
[08/Apr/2021:06:14:26] (S): Done inserting post: 5 UX Principles for Creating a Great Website .
[08/Apr/2021:06:14:26] (P): Inserting page: News .
[08/Apr/2021:06:14:26] (S): Done inserting page: News .
[08/Apr/2021:06:14:26] (P): Inserting page: Home .
[08/Apr/2021:06:14:26] (S): Done inserting page: Home .
[08/Apr/2021:06:14:26] (P): Processing single menu item ' '...
[08/Apr/2021:06:14:26] (S): Processed single menu item.
[08/Apr/2021:06:14:26] (P): Processing single menu item ' '...
[08/Apr/2021:06:14:26] (S): Processed single menu item.
[08/Apr/2021:06:14:26] (P): Inserting post: Web Design Trends for 2020 .
[08/Apr/2021:06:14:26] (S): Done inserting post: Web Design Trends for 2020 .
[08/Apr/2021:06:14:26] (P): Inserting post: A Simple Guide to Design Thinking .
[08/Apr/2021:06:14:26] (S): Done inserting post: A Simple Guide to Design Thinking .
[08/Apr/2021:06:14:26] (P): Inserting wp_block: 3 column section .
[08/Apr/2021:06:14:26] (S): Done inserting wp_block: 3 column section .
[08/Apr/2021:06:14:26] (P): Inserting page: About Us .
[08/Apr/2021:06:14:26] (S): Done inserting page: About Us .
[08/Apr/2021:06:14:26] (P): Processing single menu item ' '...
[08/Apr/2021:06:14:26] (S): Processed single menu item.
[08/Apr/2021:06:14:26] (P): Inserting page: Portfolio .
[08/Apr/2021:06:14:26] (S): Done inserting page: Portfolio .
[08/Apr/2021:06:14:26] (P): Inserting page: Portfolio Single .
[08/Apr/2021:06:14:26] (S): Done inserting page: Portfolio Single .
[08/Apr/2021:06:14:26] (P): Processing single menu item ' '...
[08/Apr/2021:06:14:26] (S): Processed single menu item.
[08/Apr/2021:06:14:26] (P): Processing single menu item ' '...
[08/Apr/2021:06:14:26] (S): Processed single menu item.
[08/Apr/2021:06:14:26] (P): Inserting page: Contact Us .
[08/Apr/2021:06:14:26] (S): Done inserting page: Contact Us .
[08/Apr/2021:06:14:26] (P): Processing single menu item ' '...
[08/Apr/2021:06:14:26] (S): Processed single menu item.
[08/Apr/2021:06:14:26] (P): Inserting wp_block: Team Social Icons .
[08/Apr/2021:06:14:26] (S): Done inserting wp_block: Team Social Icons .
[08/Apr/2021:06:14:26] (S): Processed posts.
[08/Apr/2021:06:14:26] (P): Cleaning up import with id ...
[08/Apr/2021:06:14:26] (P): Done cleanup. Flushing cache...
[08/Apr/2021:06:14:26] (P): Flushed cache. Removing temporary data..
[08/Apr/2021:06:14:26] (S): Done importing
[08/Apr/2021:06:14:26] (P): Busting elementor cache
[08/Apr/2021:06:14:26] (S): Front page set up with id: 230.
